<?xml version="1.0" encoding="UTF-8"?>
<!-- Generated by org.testng.reporters.JUnitReportReporter -->
<testsuite hostname="DESKTOP-1TK4TSS" failures="0" tests="1" name="dropDownHandleTest.MyWorkDayJobDropdownTest" time="24.566" errors="0" timestamp="2023-07-12T22:55:27 IST" skipped="0">
  <testcase classname="dropDownHandleTest.MyWorkDayJobDropdownTest" name="MyWorkdayJobDropdownMethodTest" time="24.566"/>
  <system-out/>
</testsuite> <!-- dropDownHandleTest.MyWorkDayJobDropdownTest -->
